<?xml version="1.0" encoding="UTF-8" ?>
<testsuite failures="3" time="65.578" errors="0" skipped="0" tests="3" name="TestSuite">
  <properties>
    <property name="java.runtime.name" value="Java(TM) SE Runtime Environment"/>
    <property name="sun.boot.library.path" value="F:\Java\JDK1.7\1.7\jre\bin"/>
    <property name="java.vm.version" value="21.0-b17"/>
    <property name="java.vm.vendor" value="Oracle Corporation"/>
    <property name="java.vendor.url" value="http://java.oracle.com/"/>
    <property name="path.separator" value=";"/>
    <property name="java.vm.name" value="Java HotSpot(TM) Client VM"/>
    <property name="file.encoding.pkg" value="sun.io"/>
    <property name="user.script" value=""/>
    <property name="user.country" value="CN"/>
    <property name="sun.java.launcher" value="SUN_STANDARD"/>
    <property name="sun.os.patch.level" value=""/>
    <property name="java.vm.specification.name" value="Java Virtual Machine Specification"/>
    <property name="user.dir" value="F:\Java\workspace_chenjian\WebDriverDemo999"/>
    <property name="java.runtime.version" value="1.7.0-b147"/>
    <property name="java.awt.graphicsenv" value="sun.awt.Win32GraphicsEnvironment"/>
    <property name="basedir" value="F:\Java\workspace_chenjian\WebDriverDemo999"/>
    <property name="java.endorsed.dirs" value="F:\Java\JDK1.7\1.7\jre\lib\endorsed"/>
    <property name="os.arch" value="x86"/>
    <property name="surefire.real.class.path" value="F:\Java\workspace_chenjian\WebDriverDemo999\target\surefire\surefirebooter6801089010556891711.jar"/>
    <property name="java.io.tmpdir" value="C:\Users\N550\AppData\Local\Temp\"/>
    <property name="line.separator" value="
"/>
    <property name="java.vm.specification.vendor" value="Oracle Corporation"/>
    <property name="user.variant" value=""/>
    <property name="os.name" value="Windows NT (unknown)"/>
    <property name="sun.jnu.encoding" value="GBK"/>
    <property name="java.library.path" value="F:\Java\JDK1.7\1.7\jre\bin;C:\Windows\Sun\Java\bin;C:\Windows\system32;C:\Windows;C:\Program Files (x86)\NVIDIA Corporation\PhysX\Common;C:\Program Files (x86)\Common Files\Intel\Shared Libraries\redist\intel64\compiler;C:\Program Files (x86)\Common Files\Intel\Shared Libraries\redist\ia32\compiler;E:\oracle\product\11.2.0\client_1\bin;E:\oracle_client;C:\Program Files (x86)\Intel\iCLS Client\;C:\Program Files\Intel\iCLS Client\;C:\Windows\system32;C:\Windows;C:\Windows\System32\Wbem;C:\Windows\System32\WindowsPowerShell\v1.0\;C:\Program Files (x86)\Windows Live\Shared;C:\Program Files\Intel\Intel(R) Management Engine Components\DAL;C:\Program Files\Intel\Intel(R) Management Engine Components\IPT;C:\Program Files (x86)\Intel\Intel(R) Management Engine Components\DAL;C:\Program Files (x86)\Intel\Intel(R) Management Engine Components\IPT;F:\Java\JDK1.7_64\jdk1.7\bin;F:\Java\JDK1.7_64\jdk1.7\jre\bin;C:\strawberry\c\bin;C:\strawberry\perl\bin;C:\Program Files\TortoiseSVN\bin;F:\Java\selenium\ant\apache-ant-1.9.7\bin;F:\Java\selenium\maven\apache-maven-3.3.9\bin;F:\Java\selenium\maven\apache-maven-3.3.9\bin;F:\Java\svn\svn-server\bin;F:\Java\class_lib\SeleniumGridHub;F:\Java\selenium\VisGrid\Visgrid-1.12\drivers\chrome;D:\程序\压缩\Bandizip\7z;;F:\Java\selenium\git\Git\cmd;."/>
    <property name="surefire.test.class.path" value="F:\Java\workspace_chenjian\WebDriverDemo999\target\test-classes;F:\Java\workspace_chenjian\WebDriverDemo999\WebRoot\WEB-INF\classes;F:\Java\selenium\maven\mavenRepository\org\apache\openejb\javaee-api\5.0-1\javaee-api-5.0-1.jar;F:\Java\selenium\maven\mavenRepository\javax\servlet\jstl\1.2\jstl-1.2.jar;F:\Java\selenium\maven\mavenRepository\javax\servlet\jsp\jsp-api\2.1\jsp-api-2.1.jar;F:\Java\selenium\maven\mavenRepository\dom4j\dom4j\1.6.1\dom4j-1.6.1.jar;F:\Java\selenium\maven\mavenRepository\xml-apis\xml-apis\1.0.b2\xml-apis-1.0.b2.jar;F:\Java\selenium\maven\mavenRepository\org\testng\testng\5.12.1\testng-5.12.1.jar;F:\Java\selenium\maven\mavenRepository\junit\junit\4.8.1\junit-4.8.1.jar;F:\Java\selenium\maven\mavenRepository\org\seleniumhq\selenium\selenium-server-standalone\2.53.0\selenium-server-standalone-2.53.0.jar;F:\Java\selenium\maven\mavenRepository\org\jyaml\jyaml\1.3\jyaml-1.3.jar;"/>
    <property name="java.specification.name" value="Java Platform API Specification"/>
    <property name="java.class.version" value="51.0"/>
    <property name="sun.management.compiler" value="HotSpot Client Compiler"/>
    <property name="os.version" value="6.2"/>
    <property name="user.home" value="C:\Users\N550"/>
    <property name="user.timezone" value="Asia/Shanghai"/>
    <property name="java.awt.printerjob" value="sun.awt.windows.WPrinterJob"/>
    <property name="java.specification.version" value="1.7"/>
    <property name="file.encoding" value="UTF-8"/>
    <property name="user.name" value="N550"/>
    <property name="java.class.path" value="F:\Java\workspace_chenjian\WebDriverDemo999\target\test-classes;F:\Java\workspace_chenjian\WebDriverDemo999\WebRoot\WEB-INF\classes;F:\Java\selenium\maven\mavenRepository\org\apache\openejb\javaee-api\5.0-1\javaee-api-5.0-1.jar;F:\Java\selenium\maven\mavenRepository\javax\servlet\jstl\1.2\jstl-1.2.jar;F:\Java\selenium\maven\mavenRepository\javax\servlet\jsp\jsp-api\2.1\jsp-api-2.1.jar;F:\Java\selenium\maven\mavenRepository\dom4j\dom4j\1.6.1\dom4j-1.6.1.jar;F:\Java\selenium\maven\mavenRepository\xml-apis\xml-apis\1.0.b2\xml-apis-1.0.b2.jar;F:\Java\selenium\maven\mavenRepository\org\testng\testng\5.12.1\testng-5.12.1.jar;F:\Java\selenium\maven\mavenRepository\junit\junit\4.8.1\junit-4.8.1.jar;F:\Java\selenium\maven\mavenRepository\org\seleniumhq\selenium\selenium-server-standalone\2.53.0\selenium-server-standalone-2.53.0.jar;F:\Java\selenium\maven\mavenRepository\org\jyaml\jyaml\1.3\jyaml-1.3.jar;"/>
    <property name="java.vm.specification.version" value="1.7"/>
    <property name="sun.arch.data.model" value="32"/>
    <property name="java.home" value="F:\Java\JDK1.7\1.7\jre"/>
    <property name="sun.java.command" value="F:\Java\workspace_chenjian\WebDriverDemo999\target\surefire\surefirebooter6801089010556891711.jar F:\Java\workspace_chenjian\WebDriverDemo999\target\surefire\surefire42721824409773325tmp F:\Java\workspace_chenjian\WebDriverDemo999\target\surefire\surefire6561779120545048203tmp"/>
    <property name="java.specification.vendor" value="Oracle Corporation"/>
    <property name="user.language" value="zh"/>
    <property name="awt.toolkit" value="sun.awt.windows.WToolkit"/>
    <property name="java.vm.info" value="mixed mode, sharing"/>
    <property name="java.version" value="1.7.0"/>
    <property name="java.ext.dirs" value="F:\Java\JDK1.7\1.7\jre\lib\ext;C:\Windows\Sun\Java\lib\ext"/>
    <property name="sun.boot.class.path" value="F:\Java\JDK1.7\1.7\jre\lib\resources.jar;F:\Java\JDK1.7\1.7\jre\lib\rt.jar;F:\Java\JDK1.7\1.7\jre\lib\sunrsasign.jar;F:\Java\JDK1.7\1.7\jre\lib\jsse.jar;F:\Java\JDK1.7\1.7\jre\lib\jce.jar;F:\Java\JDK1.7\1.7\jre\lib\charsets.jar;F:\Java\JDK1.7\1.7\jre\classes"/>
    <property name="java.vendor" value="Oracle Corporation"/>
    <property name="localRepository" value="F:\Java\selenium\maven\mavenRepository"/>
    <property name="file.separator" value="\"/>
    <property name="java.vendor.url.bug" value="http://bugreport.sun.com/bugreport/"/>
    <property name="sun.cpu.endian" value="little"/>
    <property name="sun.io.unicode.encoding" value="UnicodeLittle"/>
    <property name="sun.desktop" value="windows"/>
    <property name="sun.cpu.isalist" value="pentium_pro+mmx pentium_pro pentium+mmx pentium i486 i386 i86"/>
  </properties>
  <testcase time="22.32" classname="chenjian.tests.AddNews" name="addOne">
    <failure message="元素获取异常,值为空!" type="java.lang.NullPointerException">java.lang.NullPointerException: 元素获取异常,值为空!
	at systemPublic.utilities.YamlParser.getDynamicElement(YamlParser.java:99)
	at chenjian.tests.AddNews.addOne(AddNews.java:101)
</failure>
    <system-out>@HL
@HL-------------------------------------------------------
@HL T E S T S
@HL-------------------------------------------------------
@SLRunning TestSuite
</system-out>
  </testcase>
  <testcase time="19.856" classname="chenjian.tests.AddNews" name="addOne2">
    <failure message="元素获取异常,值为空!" type="java.lang.NullPointerException">java.lang.NullPointerException: 元素获取异常,值为空!
	at systemPublic.utilities.YamlParser.getDynamicElement(YamlParser.java:99)
	at chenjian.tests.AddNews.addOne2(AddNews.java:199)
</failure>
  </testcase>
  <testcase time="20.26" classname="chenjian.tests.AddNews2" name="addOne2">
    <failure message="元素获取异常,值为空!" type="java.lang.NullPointerException">java.lang.NullPointerException: 元素获取异常,值为空!
	at systemPublic.utilities.YamlParser.getDynamicElement(YamlParser.java:99)
	at chenjian.tests.AddNews2.addOne2(AddNews2.java:80)
</failure>
  </testcase>
</testsuite>